<?xml version="1.0" encoding="UTF-8"?>
<!-- Generated by org.testng.reporters.JUnitXMLReporter -->
<testsuite ignored="0" hostname="PERU-METO" failures="1" tests="1" name="Test API Experian" time="1.797" errors="0" timestamp="2024-10-18T16:56:13 COT">
  <testcase classname="org.meto.api.endpoints.EndPointThirdPartyQualificationPST_S6" name="Experian" time="1.797">
    <failure type="java.lang.AssertionError" message="expected [201] but found [403]">
      <![CDATA[java.lang.AssertionError: expected [201] but found [403]
at org.meto.api.endpoints.EndPointRol.EndPRol(EndPointRol.java:74)
at org.meto.api.endpoints.EndPointThirdPartyQualificationPST_S6.Experian(EndPointThirdPartyQualificationPST_S6.java:38)
at java.base/java.util.ArrayList.forEach(ArrayList.java:1541)
... Removed 33 stack frames]]>
    </failure>
  </testcase> <!-- Experian -->
</testsuite> <!-- Test API Experian -->
