<?xml version="1.0" encoding="UTF-8"?>
<!-- Generated by org.testng.reporters.JUnitXMLReporter -->
<testsuite ignored="0" hostname="PERU-METO" failures="0" tests="3" name="Customer Test" time="0.011" errors="0" timestamp="2024-11-06T09:53:15 COT">
  <testcase classname="org.meto.appium.tests.TFCustomer" name="@BeforeMethod beforeMethod" time="-1.730904795288E9">
    <skipped/>
  </testcase> <!-- @BeforeMethod beforeMethod -->
  <testcase classname="org.meto.appium.tests.TFCustomer" name="@BeforeMethod beforeMethod" time="-1.73090479529E9">
    <skipped/>
  </testcase> <!-- @BeforeMethod beforeMethod -->
  <testcase classname="org.meto.appium.tests.TFCustomer" name="@BeforeMethod beforeMethod" time="-1.730904795294E9">
    <skipped/>
  </testcase> <!-- @BeforeMethod beforeMethod -->
  <testcase classname="org.meto.appium.tests.TFCustomer" name="Customer" time="0.0">
    <skipped/>
  </testcase> <!-- Customer -->
  <testcase classname="org.meto.appium.tests.TFCustomer" name="Domicilio" time="0.0">
    <skipped/>
  </testcase> <!-- Domicilio -->
  <testcase classname="org.meto.appium.tests.TFCustomer" name="InfComplementaria" time="0.0">
    <skipped/>
  </testcase> <!-- InfComplementaria -->
</testsuite> <!-- Customer Test -->
