<?xml version="1.0" encoding="UTF-8"?>
<!-- Generated by org.testng.reporters.JUnitXMLReporter -->
<testsuite ignored="0" hostname="PERU-METO" failures="0" tests="1" name="Guarantor Test" time="0.054" errors="0" timestamp="2023-12-27T09:16:29 COT">
  <testcase classname="org.meto.appium.base.TestBase" name="@BeforeSuite setup" time="20.207">
    <failure type="io.appium.java_client.service.local.AppiumServerHasNotBeenStartedLocallyException" message="The local appium server has not been started
Reason: Timed out waiting for [http://127.0.0.1:4723/status] to be available after 20002 ms
Consider increasing the server startup timeout value (currently 20000ms)
Node.js executable path: C:\Program Files\nodejs\node.exe
Arguments: [C:\Users\meto\AppData\Roaming\npm\node_modules\appium\build\lib\main.js, --port, 4723, --address, 127.0.0.1]
Output: [35m[Appium][39m Welcome to Appium v2.2.1
[35m[Appium][39m Non-default server args:
[35m[Appium][39m { address: [32m&amp;apos;127.0.0.1&amp;apos;[39m }
[35m[Appium][39m Attempting to load driver xcuitest...
[35m[Appium][39m Requiring driver at C:\Users\meto\.appium\node_modules\appium-xcuitest-driver
">
      <![CDATA[io.appium.java_client.service.local.AppiumServerHasNotBeenStartedLocallyException: The local appium server has not been started
Reason: Timed out waiting for [http://127.0.0.1:4723/status] to be available after 20002 ms
Consider increasing the server startup timeout value (currently 20000ms)
Node.js executable path: C:\Program Files\nodejs\node.exe
Arguments: [C:\Users\meto\AppData\Roaming\npm\node_modules\appium\build\lib\main.js, --port, 4723, --address, 127.0.0.1]
Output: [35m[Appium][39m Welcome to Appium v2.2.1
[35m[Appium][39m Non-default server args:
[35m[Appium][39m { address: [32m'127.0.0.1'[39m }
[35m[Appium][39m Attempting to load driver xcuitest...
[35m[Appium][39m Requiring driver at C:\Users\meto\.appium\node_modules\appium-xcuitest-driver

at io.appium.java_client.service.local.AppiumDriverLocalService.start(AppiumDriverLocalService.java:203)
at org.meto.appium.utils.AppiumUtils.startAppiumServer(AppiumUtils.java:65)
at org.meto.appium.base.TestBase.setup(TestBase.java:44)
Caused by: org.openqa.selenium.net.UrlChecker$TimeoutException: Timed out waiting for [http://127.0.0.1:4723/status] to be available after 20002 ms
at org.openqa.selenium.net.UrlChecker.waitUntilAvailable(UrlChecker.java:94)
at io.appium.java_client.service.local.AppiumDriverLocalService.ping(AppiumDriverLocalService.java:157)
at io.appium.java_client.service.local.AppiumDriverLocalService.start(AppiumDriverLocalService.java:182)
... 21 more
Caused by: java.util.concurrent.TimeoutException
at java.base/java.util.concurrent.FutureTask.get(FutureTask.java:204)
at org.openqa.selenium.net.UrlChecker.waitUntilAvailable(UrlChecker.java:91)
... 23 more
... Removed 19 stack frames]]>
    </failure>
  </testcase> <!-- @BeforeSuite setup -->
  <testcase classname="org.meto.appium.tests.TFGuarantor" name="@BeforeMethod beforeMethod" time="-1.703686589605E9">
    <skipped/>
  </testcase> <!-- @BeforeMethod beforeMethod -->
  <testcase classname="org.meto.appium.tests.TFGuarantor" name="FillGuarantor" time="0.0">
    <skipped/>
  </testcase> <!-- FillGuarantor -->
</testsuite> <!-- Guarantor Test -->
