<?xml version="1.0" encoding="UTF-8"?>
<!-- Generated by org.testng.reporters.JUnitXMLReporter -->
<testsuite ignored="0" hostname="PERU-METO" failures="0" tests="2" name="Proposal Test" time="0.007" errors="0" timestamp="2024-11-06T09:53:15 COT">
  <testcase classname="org.meto.appium.tests.TFProposal" name="@BeforeMethod beforeMethod" time="-1.730904795429E9">
    <skipped/>
  </testcase> <!-- @BeforeMethod beforeMethod -->
  <testcase classname="org.meto.appium.tests.TFProposal" name="@BeforeMethod beforeMethod" time="-1.730904795432E9">
    <skipped/>
  </testcase> <!-- @BeforeMethod beforeMethod -->
  <testcase classname="org.meto.appium.tests.TFProposal" name="Propuesta" time="0.0">
    <skipped/>
  </testcase> <!-- Propuesta -->
  <testcase classname="org.meto.appium.tests.TFProposal" name="Propuesta_error" time="0.0">
    <skipped/>
  </testcase> <!-- Propuesta_error -->
</testsuite> <!-- Proposal Test -->
