<?xml version="1.0" encoding="UTF-8"?>
<!-- Generated by org.testng.reporters.JUnitXMLReporter -->
<testsuite ignored="0" hostname="PERU-METO" failures="1" tests="2" name="Prospect Test" time="95.394" errors="0" timestamp="2024-11-06T10:21:36 COT">
  <testcase classname="org.meto.appium.tests.TFProspect" name="Prospect" time="64.268"/>
  <testcase classname="org.meto.appium.tests.TFProspect" name="UsoDatos" time="25.829">
    <failure type="org.openqa.selenium.UnsupportedCommandException" message="The requested resource could not be found, or a request was received using an HTTP method that is not supported by the mapped resource
Build info: version: &amp;apos;4.13.0&amp;apos;, revision: &amp;apos;ba948ece5b*&amp;apos;
System info: os.name: &amp;apos;Windows 11&amp;apos;, os.arch: &amp;apos;amd64&amp;apos;, os.version: &amp;apos;10.0&amp;apos;, java.version: &amp;apos;11.0.17&amp;apos;
Driver info: io.appium.java_client.android.AndroidDriver
Command: [73078028-bbd7-42ce-9215-732c48b93cf3, performTouchAction {actions=[{action=press, options={x=566, y=1279}}, {action=release, options={}}]}]
Capabilities {appium:app: C:\prueba\AppiumFrameworkSu..., appium:appPackage: pe.com.surgir.surgirapp, appium:appWaitActivity: .ui.login.LoginActivity,.ui..., appium:autoGrantPermissions: true, appium:automationName: UiAutomator2, appium:browserstack.networkLogs: true, appium:chromedriverExecutable: C:\prueba\AppiumFrameworkSu..., appium:databaseEnabled: false, appium:desableWindowAnimation: true, appium:desired: {app: C:\prueba\AppiumFrameworkSu..., appWaitActivity: .ui.login.LoginActivity,.ui..., autoGrantPermissions: true, automationName: UiAutomator2, browserstack.networkLogs: true, chromedriverExecutable: C:\prueba\AppiumFrameworkSu..., desableWindowAnimation: true, deviceName: samsung SM-T575, enableMultiWindows: true, ignoreHiddenApiPolicyError: true, logLevel: error, noReset: false, noSign: true, platformName: ANDROID, udid: RX2RB00S4HN, waitForIdleTimeout: 70}, appium:deviceApiLevel: 33, appium:deviceManufacturer: samsung, appium:deviceModel: SM-T575, appium:deviceName: RX2RB00S4HN, appium:deviceScreenDensity: 320, appium:deviceScreenSize: 1200x1920, appium:deviceUDID: RX2RB00S4HN, appium:enableMultiWindows: true, appium:ignoreHiddenApiPolicyError: true, appium:javascriptEnabled: true, appium:locationContextEnabled: false, appium:logLevel: error, appium:networkConnectionEnabled: true, appium:noReset: false, appium:noSign: true, appium:pixelRatio: 2, appium:platformVersion: 13, appium:statBarHeight: 48, appium:takesScreenshot: true, appium:udid: RX2RB00S4HN, appium:viewportRect: {height: 1872, left: 0, top: 48, width: 1200}, appium:waitForIdleTimeout: 70, appium:warnings: {}, appium:webStorageEnabled: false, platformName: ANDROID}
Session ID: 73078028-bbd7-42ce-9215-732c48b93cf3">
      <![CDATA[org.openqa.selenium.UnsupportedCommandException: The requested resource could not be found, or a request was received using an HTTP method that is not supported by the mapped resource
Build info: version: '4.13.0', revision: 'ba948ece5b*'
System info: os.name: 'Windows 11', os.arch: 'amd64', os.version: '10.0', java.version: '11.0.17'
Driver info: io.appium.java_client.android.AndroidDriver
Command: [73078028-bbd7-42ce-9215-732c48b93cf3, performTouchAction {actions=[{action=press, options={x=566, y=1279}}, {action=release, options={}}]}]
Capabilities {appium:app: C:\prueba\AppiumFrameworkSu..., appium:appPackage: pe.com.surgir.surgirapp, appium:appWaitActivity: .ui.login.LoginActivity,.ui..., appium:autoGrantPermissions: true, appium:automationName: UiAutomator2, appium:browserstack.networkLogs: true, appium:chromedriverExecutable: C:\prueba\AppiumFrameworkSu..., appium:databaseEnabled: false, appium:desableWindowAnimation: true, appium:desired: {app: C:\prueba\AppiumFrameworkSu..., appWaitActivity: .ui.login.LoginActivity,.ui..., autoGrantPermissions: true, automationName: UiAutomator2, browserstack.networkLogs: true, chromedriverExecutable: C:\prueba\AppiumFrameworkSu..., desableWindowAnimation: true, deviceName: samsung SM-T575, enableMultiWindows: true, ignoreHiddenApiPolicyError: true, logLevel: error, noReset: false, noSign: true, platformName: ANDROID, udid: RX2RB00S4HN, waitForIdleTimeout: 70}, appium:deviceApiLevel: 33, appium:deviceManufacturer: samsung, appium:deviceModel: SM-T575, appium:deviceName: RX2RB00S4HN, appium:deviceScreenDensity: 320, appium:deviceScreenSize: 1200x1920, appium:deviceUDID: RX2RB00S4HN, appium:enableMultiWindows: true, appium:ignoreHiddenApiPolicyError: true, appium:javascriptEnabled: true, appium:locationContextEnabled: false, appium:logLevel: error, appium:networkConnectionEnabled: true, appium:noReset: false, appium:noSign: true, appium:pixelRatio: 2, appium:platformVersion: 13, appium:statBarHeight: 48, appium:takesScreenshot: true, appium:udid: RX2RB00S4HN, appium:viewportRect: {height: 1872, left: 0, top: 48, width: 1200}, appium:waitForIdleTimeout: 70, appium:warnings: {}, appium:webStorageEnabled: false, platformName: ANDROID}
Session ID: 73078028-bbd7-42ce-9215-732c48b93cf3
at org.openqa.selenium.remote.codec.w3c.W3CHttpResponseCodec.createException(W3CHttpResponseCodec.java:200)
at org.openqa.selenium.remote.codec.w3c.W3CHttpResponseCodec.decode(W3CHttpResponseCodec.java:133)
at org.openqa.selenium.remote.codec.w3c.W3CHttpResponseCodec.decode(W3CHttpResponseCodec.java:52)
at org.openqa.selenium.remote.HttpCommandExecutor.execute(HttpCommandExecutor.java:191)
at io.appium.java_client.remote.AppiumCommandExecutor.execute(AppiumCommandExecutor.java:250)
at org.openqa.selenium.remote.RemoteWebDriver.execute(RemoteWebDriver.java:602)
at org.openqa.selenium.remote.RemoteWebDriver.execute(RemoteWebDriver.java:675)
at io.appium.java_client.AppiumDriver.execute(AppiumDriver.java:308)
at io.appium.java_client.PerformsTouchActions.performTouchAction(PerformsTouchActions.java:54)
at io.appium.java_client.TouchAction.perform(TouchAction.java:196)
at org.meto.appium.utils.AndroidActions.metod(AndroidActions.java:814)
at org.meto.appium.pages.FormProspect.bcontinuarValid(FormProspect.java:336)
at org.meto.appium.tests.TFProspect.UsoDatos(TFProspect.java:86)
at java.base/java.util.ArrayList.forEach(ArrayList.java:1541)
... Removed 31 stack frames]]>
    </failure>
  </testcase> <!-- UsoDatos -->
</testsuite> <!-- Prospect Test -->
