<?xml version="1.0" encoding="UTF-8"?>
<!-- Generated by org.testng.reporters.JUnitXMLReporter -->
<testsuite ignored="0" hostname="PERU-METO" failures="0" tests="1" name="Rse Test" time="0.005" errors="0" timestamp="2024-11-06T09:53:15 COT">
  <testcase classname="org.meto.appium.tests.TFRse" name="@BeforeMethod beforeMethod" time="-1.730904795391E9">
    <skipped/>
  </testcase> <!-- @BeforeMethod beforeMethod -->
  <testcase classname="org.meto.appium.tests.TFRse" name="Rse" time="0.0">
    <skipped/>
  </testcase> <!-- Rse -->
</testsuite> <!-- Rse Test -->
